============================================================
  Generated by:           Genus(TM) Synthesis Solution 23.17-s085_1
  Generated on:           May 14 2026  03:51:10 pm
  Module:                 viterbi_top
  Operating conditions:   ss_1.62_125 (balanced_tree)
  Wireload mode:          enclosed
  Area mode:              timing library
============================================================

Timing
--------

Clock Period 
-------------
clk   4500.0 


  Cost    Critical         Violating 
 Group   Path Slack  TNS     Paths   
-------------------------------------
clk            40.2   0.0          0 
default    No paths   0.0            
-------------------------------------
Total                 0.0          0 

Instance Count
--------------
Leaf Instance Count             644 
Physical Instance count           0 
Sequential Instance Count       124 
Combinational Instance Count    520 
Hierarchical Instance Count       0 

Area
----
Cell Area                          9815.201
Physical Cell Area                 0.000
Total Cell Area (Cell+Physical)    9815.201
Net Area                           0.000
Total Area (Cell+Physical+Net)     9815.201

Max Fanout                         124 (clk)
Min Fanout                         0 (u_extract_count[2])
Average Fanout                     2.4
Terms to net ratio                 3.5835
Terms to instance ratio            3.9006
Runtime                            71.735346 seconds
Elapsed Runtime                    111 seconds
Genus peak memory usage            2005.79 
Innovus peak memory usage          no_value 
Hostname                           localhost
