============================================================
  Generated by:           Genus(TM) Synthesis Solution 23.17-s085_1
  Generated on:           May 14 2026  03:51:10 pm
  Module:                 viterbi_top
  Operating conditions:   ss_1.62_125 (balanced_tree)
  Wireload mode:          enclosed
  Area mode:              timing library
============================================================

                               
   Gate    Instances    Area          Library        
-----------------------------------------------------
ADDHX1             1    20.948    sky130_ss_1.62_125 
AND2X1             9    85.698    sky130_ss_1.62_125 
AND2X2             1     9.522    sky130_ss_1.62_125 
AND3X2             1    11.426    sky130_ss_1.62_125 
AOI211X1           3    34.278    sky130_ss_1.62_125 
AOI21X1           20   190.440    sky130_ss_1.62_125 
AOI221X1           2    26.662    sky130_ss_1.62_125 
AOI222X1          16   274.240    sky130_ss_1.62_125 
AOI22X1           41   468.466    sky130_ss_1.62_125 
CLKAND2X2         11   104.742    sky130_ss_1.62_125 
CLKBUFX2           1     7.618    sky130_ss_1.62_125 
CLKINVX1          57   325.641    sky130_ss_1.62_125 
CLKINVX2           3    17.139    sky130_ss_1.62_125 
CLKXOR2X1          8   106.648    sky130_ss_1.62_125 
DFFRX1            80  3047.040    sky130_ss_1.62_125 
DFFRX4             1    51.419    sky130_ss_1.62_125 
DFFSX1             3   114.264    sky130_ss_1.62_125 
DFFX1             40  1371.160    sky130_ss_1.62_125 
INVX1              6    34.278    sky130_ss_1.62_125 
INVX2              9    51.417    sky130_ss_1.62_125 
MX2X1             61   929.335    sky130_ss_1.62_125 
MX4X1              2    60.940    sky130_ss_1.62_125 
NAND2X1           94   716.092    sky130_ss_1.62_125 
NAND2X2            2    19.044    sky130_ss_1.62_125 
NAND3X1            9    85.698    sky130_ss_1.62_125 
NAND4X1            5    57.130    sky130_ss_1.62_125 
NOR2X1            46   350.428    sky130_ss_1.62_125 
NOR2X2             1    11.426    sky130_ss_1.62_125 
NOR3X1             4    38.088    sky130_ss_1.62_125 
NOR4X1             1    11.426    sky130_ss_1.62_125 
OAI211X1          12   137.040    sky130_ss_1.62_125 
OAI21X1           45   428.490    sky130_ss_1.62_125 
OAI21X2            1    15.235    sky130_ss_1.62_125 
OAI221X1           7    93.317    sky130_ss_1.62_125 
OAI222X1          14   213.290    sky130_ss_1.62_125 
OAI22X1           13   148.538    sky130_ss_1.62_125 
OR2X1             10    95.220    sky130_ss_1.62_125 
OR2X2              1     9.522    sky130_ss_1.62_125 
OR3X1              1    11.426    sky130_ss_1.62_125 
XNOR2X1            2    30.470    sky130_ss_1.62_125 
-----------------------------------------------------
total            644  9815.201                       


                                         
     Type      Instances   Area   Area % 
-----------------------------------------
sequential           124 4583.883   46.7 
inverter              75  428.475    4.4 
buffer                 1    7.618    0.1 
logic                444 4795.225   48.9 
physical_cells         0    0.000    0.0 
-----------------------------------------
total                644 9815.201  100.0 

