============================================================
  Generated by:           Genus(TM) Synthesis Solution 23.17-s085_1
  Generated on:           May 14 2026  03:51:10 pm
  Module:                 viterbi_top
  Operating conditions:   ss_1.62_125 (balanced_tree)
  Wireload mode:          enclosed
  Area mode:              timing library
============================================================


Path 1: MET (40 ps) Setup Check with Pin u_acs_pm_01_reg[4]/CK->D
          Group: clk
     Startpoint: (R) u_extract_o_sof_reg/CK
          Clock: (R) clk
       Endpoint: (R) u_acs_pm_01_reg[4]/D
          Clock: (R) clk

                     Capture       Launch     
        Clock Edge:+    4500            0     
       Src Latency:+       0            0     
       Net Latency:+       0 (I)        0 (I) 
           Arrival:=    4500            0     
                                              
             Setup:-     275                  
       Uncertainty:-     300                  
     Required Time:=    3925                  
      Launch Clock:-       0                  
         Data Path:-    3885                  
             Slack:=      40                  

#------------------------------------------------------------------------------------------------
#     Timing Point       Flags    Arc   Edge   Cell     Fanout Load Trans Delay Arrival Instance 
#                                                              (fF)  (ps)  (ps)   (ps)  Location 
#------------------------------------------------------------------------------------------------
  u_extract_o_sof_reg/CK -       -      R     (arrival)    124    -     0     0       0    (-,-) 
  u_extract_o_sof_reg/QN -       CK->QN F     DFFRX4        24 76.1   156   877     877    (-,-) 
  g12435__6161/Y         -       A->Y   R     NAND2X2        9 27.7   182   210    1087    (-,-) 
  g12365__2398/Y         -       A->Y   F     NOR2X1         2  6.2    89   138    1225    (-,-) 
  g12322__5526/Y         -       A1->Y  R     OAI21X1        3  9.5   270   251    1476    (-,-) 
  g12160__5526/Y         -       C->Y   F     NAND3X1        2  6.7   175   233    1709    (-,-) 
  g12120__6131/Y         -       B->Y   R     XNOR2X1        4 10.9   147   408    2118    (-,-) 
  g12106__5107/Y         -       B->Y   R     MX2X1          3  8.7   122   306    2424    (-,-) 
  g12090__7482/Y         -       B->Y   R     CLKAND2X2      2  6.2    58   181    2605    (-,-) 
  g12077__4319/Y         -       B->Y   F     NOR2X1         2  5.0    54    69    2674    (-,-) 
  g12834/Y               -       B->Y   F     OR3X1          1  3.2    85   407    3081    (-,-) 
  g12056__7098/Y         -       B->Y   R     NAND2X1        1  3.2    86    84    3165    (-,-) 
  g12052__6783/Y         -       B0->Y  F     OAI21X1        3  8.0   158   156    3321    (-,-) 
  g12031__4733/Y         -       B->Y   F     OR2X1          5 15.5   135   371    3692    (-,-) 
  g12007__5526/Y         -       B1->Y  R     OAI222X1       1  1.8   266   193    3885    (-,-) 
  u_acs_pm_01_reg[4]/D   <<<     -      R     DFFRX1         1    -     -     0    3885    (-,-) 
#------------------------------------------------------------------------------------------------

