###############################################################
#  Generated by:      Cadence Innovus 23.37-s090_1
#  OS:                Linux x86_64(Host ID iclab)
#  Generated on:      Thu May 14 18:06:06 2026
#  Design:            viterbi_top
#  Command:           report_timing > reports/report_timing.rpt
###############################################################
Path 1: MET (0.268 ns) Setup Check with Pin u_acs_pm_10_reg[4]/CK->D
               View: wc
              Group: clk
         Startpoint: (R) u_extract_o_valid_reg/CK
              Clock: (R) clk
           Endpoint: (R) u_acs_pm_10_reg[4]/D
              Clock: (R) clk

                       Capture       Launch
         Clock Edge:+    5.000        0.000
        Src Latency:+    0.000        0.000
        Net Latency:+    0.211 (P)    0.204 (P)
            Arrival:=    5.211        0.204

              Setup:-    0.122
        Uncertainty:-    0.300
      Required Time:=    4.788
       Launch Clock:=    0.204
          Data Path:+    4.317
              Slack:=    0.268

#----------------------------------------------------------------------------------------
# Timing Point              Flags  Arc    Edge  Cell       Fanout  Trans   Delay  Arrival  
#                                                                   (ns)    (ns)     (ns)  
#----------------------------------------------------------------------------------------
  u_extract_o_valid_reg/CK  -      CK     R     (arrival)      24  0.138       -    0.204  
  u_extract_o_valid_reg/Q   -      CK->Q  R     DFFRX4          5  0.138   0.808    1.012  
  FE_RC_58_0/Y              -      B->Y   F     NAND2X1         3  0.215   0.199    1.211  
  g12431__1666/Y            -      B->Y   F     AND2X2          3  0.140   0.281    1.492  
  FE_RC_198_0/Y             -      A1->Y  R     OAI21X1         1  0.084   0.195    1.688  
  FE_OFC78_n_209/Y          -      A->Y   F     CLKINVX2        2  0.199   0.141    1.829  
  g12330__7098/Y            -      B->Y   R     NOR2X4          3  0.088   0.140    1.969  
  g12241__1666/Y            -      B->Y   F     NAND2X2         3  0.137   0.134    2.103  
  g12180__5107/Y            -      B0->Y  R     OAI21X1         2  0.091   0.209    2.312  
  g12154/Y                  -      A->Y   F     CLKINVX2        2  0.376   0.137    2.449  
  g12140__8246/Y            -      A->Y   F     AND2X1          2  0.090   0.205    2.654  
  FE_RC_110_0/Y             -      A1->Y  R     AOI21X1         1  0.080   0.160    2.813  
  g12110/Y                  -      A->Y   F     INVX1           1  0.151   0.093    2.906  
  FE_RC_61_0/Y              -      B->Y   R     NAND2X1         2  0.055   0.107    3.014  
  FE_RC_210_0/Y             -      B->Y   F     NAND3X1         1  0.114   0.145    3.159  
  FE_RC_28_0/Y              -      A->Y   R     CLKINVX1        1  0.138   0.137    3.296  
  FE_RC_171_0/Y             -      A1->Y  F     OAI21X2         3  0.107   0.218    3.514  
  g12063__7482/Y            -      B->Y   R     NOR2X2          3  0.231   0.244    3.758  
  FE_OFC5_n_546/Y           -      A->Y   F     CLKINVX2        3  0.227   0.186    3.944  
  g12043__2398/Y            -      B1->Y  R     OAI222X2        1  0.114   0.272    4.216  
  FE_PHC202_n_553/Y         -      A->Y   R     BUFX4           1  0.354   0.304    4.521  
  u_acs_pm_10_reg[4]/D      -      D      R     DFFRX4          1  0.079   0.000    4.521  
#----------------------------------------------------------------------------------------

